2022-05-20 09:51:21,508 INFO org.apache.juli.logging.DirectJDKLog [restartedMain] Initializing Spring embedded WebApplicationContext
2022-05-20 09:51:21,514 INFO org.springframework.boot.web.servlet.context.ServletWebServerApplicationContext [restartedMain] Root WebApplicationContext: initialization completed in 1178 ms
2022-05-20 09:51:21,608 INFO org.hibernate.jpa.internal.util.LogHelper [restartedMain] HHH000204: Processing PersistenceUnitInfo [name: default]
2022-05-20 09:51:21,638 INFO org.hibernate.Version [restartedMain] HHH000412: Hibernate ORM core version 5.4.32.Final
2022-05-20 09:51:21,709 INFO org.hibernate.annotations.common.reflection.java.JavaReflectionManager [restartedMain] HCANN000001: Hibernate Commons Annotations {5.1.2.Final}
2022-05-20 09:51:21,786 INFO com.zaxxer.hikari.HikariDataSource [restartedMain] HikariPool-1 - Starting...
2022-05-20 09:51:21,912 INFO com.zaxxer.hikari.HikariDataSource [restartedMain] HikariPool-1 - Start completed.
2022-05-20 09:51:21,933 INFO org.hibernate.dialect.Dialect [restartedMain] HHH000400: Using dialect: org.hibernate.dialect.PostgreSQL10Dialect
2022-05-20 09:51:22,477 INFO org.hibernate.engine.transaction.jta.platform.internal.JtaPlatformInitiator [restartedMain] HHH000490: Using JtaPlatform implementation: [org.hibernate.engine.transaction.jta.platform.internal.NoJtaPlatform]
2022-05-20 09:51:22,480 INFO org.springframework.orm.jpa.AbstractEntityManagerFactoryBean [restartedMain] Initialized JPA EntityManagerFactory for persistence unit 'default'
2022-05-20 09:51:22,891 WARN org.springframework.boot.autoconfigure.orm.jpa.JpaBaseConfiguration$JpaWebConfiguration [restartedMain] spring.jpa.open-in-view is enabled by default. Therefore, database queries may be performed during view rendering. Explicitly configure spring.jpa.open-in-view to disable this warning
2022-05-20 09:51:23,085 INFO org.springframework.boot.devtools.autoconfigure.OptionalLiveReloadServer [restartedMain] LiveReload server is running on port 35729
2022-05-20 09:51:23,210 INFO org.apache.juli.logging.DirectJDKLog [restartedMain] Starting ProtocolHandler ["http-nio-9082"]
2022-05-20 09:51:23,222 INFO org.springframework.boot.web.embedded.tomcat.TomcatWebServer [restartedMain] Tomcat started on port(s): 9082 (http) with context path '/api/v1/casino'
2022-05-20 09:51:23,394 INFO org.springframework.boot.StartupInfoLogger [restartedMain] Started RuletaRestApplication in 3.369 seconds (JVM running for 4.115)
2022-05-20 09:51:26,669 INFO org.apache.juli.logging.DirectJDKLog [http-nio-9082-exec-2] Initializing Spring DispatcherServlet 'dispatcherServlet'
2022-05-20 09:51:26,670 INFO org.springframework.web.servlet.FrameworkServlet [http-nio-9082-exec-2] Initializing Servlet 'dispatcherServlet'
2022-05-20 09:51:26,671 INFO org.springframework.web.servlet.FrameworkServlet [http-nio-9082-exec-2] Completed initialization in 1 ms
2022-05-20 09:51:26,682 WARN org.springframework.web.servlet.handler.AbstractHandlerExceptionResolver [http-nio-9082-exec-2] Resolved [org.springframework.web.HttpRequestMethodNotSupportedException: Request method 'GET' not supported]
2022-05-20 09:51:49,473 INFO org.springframework.orm.jpa.AbstractEntityManagerFactoryBean [SpringApplicationShutdownHook] Closing JPA EntityManagerFactory for persistence unit 'default'
2022-05-20 09:51:49,478 INFO com.zaxxer.hikari.HikariDataSource [SpringApplicationShutdownHook] HikariPool-1 - Shutdown initiated...
2022-05-20 09:51:49,501 INFO com.zaxxer.hikari.HikariDataSource [SpringApplicationShutdownHook] HikariPool-1 - Shutdown completed.
