2022-05-20 10:27:23,193 INFO org.springframework.boot.web.embedded.tomcat.TomcatWebServer [restartedMain] Tomcat initialized with port(s): 9082 (http)
2022-05-20 10:27:23,202 INFO org.apache.juli.logging.DirectJDKLog [restartedMain] Initializing ProtocolHandler ["http-nio-9082"]
2022-05-20 10:27:23,202 INFO org.apache.juli.logging.DirectJDKLog [restartedMain] Starting service [Tomcat]
2022-05-20 10:27:23,202 INFO org.apache.juli.logging.DirectJDKLog [restartedMain] Starting Servlet engine: [Apache Tomcat/9.0.55]
2022-05-20 10:27:23,276 INFO org.apache.juli.logging.DirectJDKLog [restartedMain] Initializing Spring embedded WebApplicationContext
2022-05-20 10:27:23,280 INFO org.springframework.boot.web.servlet.context.ServletWebServerApplicationContext [restartedMain] Root WebApplicationContext: initialization completed in 1184 ms
2022-05-20 10:27:23,376 INFO org.hibernate.jpa.internal.util.LogHelper [restartedMain] HHH000204: Processing PersistenceUnitInfo [name: default]
2022-05-20 10:27:23,405 INFO org.hibernate.Version [restartedMain] HHH000412: Hibernate ORM core version 5.4.32.Final
2022-05-20 10:27:23,481 INFO org.hibernate.annotations.common.reflection.java.JavaReflectionManager [restartedMain] HCANN000001: Hibernate Commons Annotations {5.1.2.Final}
2022-05-20 10:27:23,544 INFO com.zaxxer.hikari.HikariDataSource [restartedMain] HikariPool-1 - Starting...
2022-05-20 10:27:23,674 INFO com.zaxxer.hikari.HikariDataSource [restartedMain] HikariPool-1 - Start completed.
2022-05-20 10:27:23,688 INFO org.hibernate.dialect.Dialect [restartedMain] HHH000400: Using dialect: org.hibernate.dialect.PostgreSQL10Dialect
2022-05-20 10:27:24,182 INFO org.hibernate.engine.transaction.jta.platform.internal.JtaPlatformInitiator [restartedMain] HHH000490: Using JtaPlatform implementation: [org.hibernate.engine.transaction.jta.platform.internal.NoJtaPlatform]
2022-05-20 10:27:24,187 INFO org.springframework.orm.jpa.AbstractEntityManagerFactoryBean [restartedMain] Initialized JPA EntityManagerFactory for persistence unit 'default'
2022-05-20 10:27:24,664 WARN org.springframework.boot.autoconfigure.orm.jpa.JpaBaseConfiguration$JpaWebConfiguration [restartedMain] spring.jpa.open-in-view is enabled by default. Therefore, database queries may be performed during view rendering. Explicitly configure spring.jpa.open-in-view to disable this warning
2022-05-20 10:27:24,833 INFO org.springframework.boot.devtools.autoconfigure.OptionalLiveReloadServer [restartedMain] LiveReload server is running on port 35729
2022-05-20 10:27:24,955 INFO org.apache.juli.logging.DirectJDKLog [restartedMain] Starting ProtocolHandler ["http-nio-9082"]
2022-05-20 10:27:24,966 INFO org.springframework.boot.web.embedded.tomcat.TomcatWebServer [restartedMain] Tomcat started on port(s): 9082 (http) with context path '/api/v1/casino'
2022-05-20 10:27:25,118 INFO org.springframework.boot.StartupInfoLogger [restartedMain] Started RuletaRestApplication in 3.369 seconds (JVM running for 4.573)
2022-05-20 10:27:33,313 INFO org.apache.juli.logging.DirectJDKLog [http-nio-9082-exec-2] Initializing Spring DispatcherServlet 'dispatcherServlet'
2022-05-20 10:27:33,314 INFO org.springframework.web.servlet.FrameworkServlet [http-nio-9082-exec-2] Initializing Servlet 'dispatcherServlet'
2022-05-20 10:27:33,317 INFO org.springframework.web.servlet.FrameworkServlet [http-nio-9082-exec-2] Completed initialization in 3 ms
2022-05-20 10:28:09,810 INFO org.springframework.orm.jpa.AbstractEntityManagerFactoryBean [SpringApplicationShutdownHook] Closing JPA EntityManagerFactory for persistence unit 'default'
2022-05-20 10:28:09,811 INFO com.zaxxer.hikari.HikariDataSource [SpringApplicationShutdownHook] HikariPool-1 - Shutdown initiated...
2022-05-20 10:28:09,815 INFO com.zaxxer.hikari.HikariDataSource [SpringApplicationShutdownHook] HikariPool-1 - Shutdown completed.
2022-05-20 10:59:47,700 INFO org.hibernate.validator.internal.util.Version [background-preinit] HV000001: Hibernate Validator 6.2.0.Final
2022-05-20 10:59:47,700 INFO org.springframework.boot.StartupInfoLogger [restartedMain] Starting RuletaRestApplication using Java 18 on LAPTOP-5H0JNLOJ with PID 12744 (C:\Users\106625781\IdeaProjects\RuletaREST\target\classes started by 106625781 in C:\Users\106625781\IdeaProjects\RuletaREST)
2022-05-20 10:59:47,702 INFO org.springframework.boot.SpringApplication [restartedMain] No active profile set, falling back to default profiles: default
2022-05-20 10:59:47,733 INFO org.springframework.boot.logging.DeferredLog [restartedMain] Devtools property defaults active! Set 'spring.devtools.add-properties' to 'false' to disable
2022-05-20 10:59:47,734 INFO org.springframework.boot.logging.DeferredLog [restartedMain] For additional web related logging consider setting the 'logging.level.web' property to 'DEBUG'
2022-05-20 10:59:48,388 INFO org.springframework.data.repository.config.RepositoryConfigurationDelegate [restartedMain] Bootstrapping Spring Data JPA repositories in DEFAULT mode.
2022-05-20 10:59:48,435 INFO org.springframework.data.repository.config.RepositoryConfigurationDelegate [restartedMain] Finished Spring Data repository scanning in 41 ms. Found 3 JPA repository interfaces.
2022-05-20 10:59:48,841 INFO org.springframework.boot.web.embedded.tomcat.TomcatWebServer [restartedMain] Tomcat initialized with port(s): 9082 (http)
2022-05-20 10:59:48,850 INFO org.apache.juli.logging.DirectJDKLog [restartedMain] Initializing ProtocolHandler ["http-nio-9082"]
2022-05-20 10:59:48,850 INFO org.apache.juli.logging.DirectJDKLog [restartedMain] Starting service [Tomcat]
2022-05-20 10:59:48,851 INFO org.apache.juli.logging.DirectJDKLog [restartedMain] Starting Servlet engine: [Apache Tomcat/9.0.55]
2022-05-20 10:59:48,926 INFO org.apache.juli.logging.DirectJDKLog [restartedMain] Initializing Spring embedded WebApplicationContext
2022-05-20 10:59:48,929 INFO org.springframework.boot.web.servlet.context.ServletWebServerApplicationContext [restartedMain] Root WebApplicationContext: initialization completed in 1195 ms
2022-05-20 10:59:49,020 INFO org.hibernate.jpa.internal.util.LogHelper [restartedMain] HHH000204: Processing PersistenceUnitInfo [name: default]
2022-05-20 10:59:49,051 INFO org.hibernate.Version [restartedMain] HHH000412: Hibernate ORM core version 5.4.32.Final
2022-05-20 10:59:49,120 INFO org.hibernate.annotations.common.reflection.java.JavaReflectionManager [restartedMain] HCANN000001: Hibernate Commons Annotations {5.1.2.Final}
2022-05-20 10:59:49,186 INFO com.zaxxer.hikari.HikariDataSource [restartedMain] HikariPool-1 - Starting...
2022-05-20 10:59:49,308 INFO com.zaxxer.hikari.HikariDataSource [restartedMain] HikariPool-1 - Start completed.
2022-05-20 10:59:49,327 INFO org.hibernate.dialect.Dialect [restartedMain] HHH000400: Using dialect: org.hibernate.dialect.PostgreSQL10Dialect
2022-05-20 10:59:49,850 INFO org.hibernate.engine.transaction.jta.platform.internal.JtaPlatformInitiator [restartedMain] HHH000490: Using JtaPlatform implementation: [org.hibernate.engine.transaction.jta.platform.internal.NoJtaPlatform]
2022-05-20 10:59:49,853 INFO org.springframework.orm.jpa.AbstractEntityManagerFactoryBean [restartedMain] Initialized JPA EntityManagerFactory for persistence unit 'default'
2022-05-20 10:59:50,304 WARN org.springframework.boot.autoconfigure.orm.jpa.JpaBaseConfiguration$JpaWebConfiguration [restartedMain] spring.jpa.open-in-view is enabled by default. Therefore, database queries may be performed during view rendering. Explicitly configure spring.jpa.open-in-view to disable this warning
2022-05-20 10:59:50,476 INFO org.springframework.boot.devtools.autoconfigure.OptionalLiveReloadServer [restartedMain] LiveReload server is running on port 35729
2022-05-20 10:59:50,602 INFO org.apache.juli.logging.DirectJDKLog [restartedMain] Starting ProtocolHandler ["http-nio-9082"]
2022-05-20 10:59:50,613 INFO org.springframework.boot.web.embedded.tomcat.TomcatWebServer [restartedMain] Tomcat started on port(s): 9082 (http) with context path '/api/v1/casino'
2022-05-20 10:59:50,753 INFO org.springframework.boot.StartupInfoLogger [restartedMain] Started RuletaRestApplication in 3.33 seconds (JVM running for 4.1)
2022-05-20 11:00:02,081 INFO org.apache.juli.logging.DirectJDKLog [http-nio-9082-exec-1] Initializing Spring DispatcherServlet 'dispatcherServlet'
2022-05-20 11:00:02,081 INFO org.springframework.web.servlet.FrameworkServlet [http-nio-9082-exec-1] Initializing Servlet 'dispatcherServlet'
2022-05-20 11:00:02,083 INFO org.springframework.web.servlet.FrameworkServlet [http-nio-9082-exec-1] Completed initialization in 2 ms
2022-05-20 11:00:54,917 INFO com.ibm.academia.apirest.controller.RuletaController [http-nio-9082-exec-5] La ruleta seleccionada ha sido cerrada previamente
2022-05-20 11:01:49,596 INFO com.ibm.academia.apirest.controller.RuletaController [http-nio-9082-exec-7] No existen apuestas realizadas en la ruleta
2022-05-20 11:09:41,407 INFO org.springframework.orm.jpa.AbstractEntityManagerFactoryBean [SpringApplicationShutdownHook] Closing JPA EntityManagerFactory for persistence unit 'default'
2022-05-20 11:09:41,411 INFO com.zaxxer.hikari.HikariDataSource [SpringApplicationShutdownHook] HikariPool-1 - Shutdown initiated...
2022-05-20 11:09:41,418 INFO com.zaxxer.hikari.HikariDataSource [SpringApplicationShutdownHook] HikariPool-1 - Shutdown completed.
2022-05-20 11:17:03,599 INFO org.springframework.boot.StartupInfoLogger [restartedMain] Starting RuletaRestApplication using Java 18 on LAPTOP-5H0JNLOJ with PID 10348 (C:\Users\106625781\IdeaProjects\RuletaREST\target\classes started by 106625781 in C:\Users\106625781\IdeaProjects\RuletaREST)
2022-05-20 11:17:03,599 INFO org.hibernate.validator.internal.util.Version [background-preinit] HV000001: Hibernate Validator 6.2.0.Final
2022-05-20 11:17:03,601 INFO org.springframework.boot.SpringApplication [restartedMain] No active profile set, falling back to default profiles: default
2022-05-20 11:17:03,638 INFO org.springframework.boot.logging.DeferredLog [restartedMain] Devtools property defaults active! Set 'spring.devtools.add-properties' to 'false' to disable
2022-05-20 11:17:03,638 INFO org.springframework.boot.logging.DeferredLog [restartedMain] For additional web related logging consider setting the 'logging.level.web' property to 'DEBUG'
2022-05-20 11:17:04,287 INFO org.springframework.data.repository.config.RepositoryConfigurationDelegate [restartedMain] Bootstrapping Spring Data JPA repositories in DEFAULT mode.
2022-05-20 11:17:04,339 INFO org.springframework.data.repository.config.RepositoryConfigurationDelegate [restartedMain] Finished Spring Data repository scanning in 47 ms. Found 3 JPA repository interfaces.
